<?xml version="1.0" encoding="utf-8"?><testsuites name="pytest tests"><testsuite name="pytest" errors="0" failures="0" skipped="0" tests="28" time="9.701" timestamp="2026-06-28T06:32:11.225983+00:00" hostname="agent-env-66280613-2564-48a0-987d-b0d9858bde05"><testcase classname="tests.backend_test.TestPromptletUseCredits" name="test_photo_costs_two_credits_for_free" time="0.544" /><testcase classname="tests.backend_test.TestPromptletFilters" name="test_filter_category_coding" time="0.419" /><testcase classname="tests.backend_test.TestPromptletFilters" name="test_filter_plan_pro" time="0.140" /><testcase classname="tests.backend_test.TestPromptletUseCredits" name="test_402_when_low_balance" time="0.484" /><testcase classname="tests.backend_test.TestPromptletFilters" name="test_filter_model_claude" time="0.097" /><testcase classname="tests.backend_test.TestPromptletFilters" name="test_filter_difficulty_advanced" time="0.269" /><testcase classname="tests.backend_test.TestPromptletFilters" name="test_filter_max_credits_one" time="0.101" /><testcase classname="tests.backend_test.TestPromptletUseCredits" name="test_increments_downloads_and_views" time="0.616" /><testcase classname="tests.backend_test.TestPromptletFilters" name="test_filter_q_portrait_matches" time="0.091" /><testcase classname="tests.backend_test.TestPromptletFilters" name="test_sorts_differ" time="0.552" /><testcase classname="tests.backend_test.TestAuthGuards" name="test_details_requires_auth" time="0.093" /><testcase classname="tests.backend_test.TestPromptletDetails" name="test_details_shape" time="0.371" /><testcase classname="tests.backend_test.TestAuthGuards" name="test_convert_requires_auth" time="0.255" /><testcase classname="tests.backend_test.TestAuthGuards" name="test_admin_requires_auth" time="0.094" /><testcase classname="tests.backend_test.TestPromptletDetails" name="test_rate_upsert_and_reviews" time="0.820" /><testcase classname="tests.backend_test.TestCollections" name="test_list_12_with_counts" time="0.275" /><testcase classname="tests.backend_test.TestCollections" name="test_get_midjourney_collection" time="0.092" /><testcase classname="tests.backend_test.TestConvert" name="test_convert_402_before_llm_when_low" time="1.678" /><testcase classname="tests.backend_test.TestCommunity" name="test_follow_unfollow_list" time="2.028" /><testcase classname="tests.backend_test.TestConvert" name="test_convert_returns_prompt_and_decrements_3" time="3.833" /><testcase classname="tests.backend_test.TestCommunity" name="test_trending_returns_12" time="0.096" /><testcase classname="tests.backend_test.TestAdminCategoriesAndCollections" name="test_categories_upsert_delete" time="0.457" /><testcase classname="tests.backend_test.TestAdminCategoriesAndCollections" name="test_collections_upsert_delete" time="0.482" /><testcase classname="tests.backend_test" name="test_health" time="0.124" /><testcase classname="tests.backend_test.TestAdminPromptletCrud" name="test_create_update_feature_delete" time="0.651" /><testcase classname="tests.backend_test.TestAdminUserPatch" name="test_admin_can_change_subscription" time="0.797" /><testcase classname="tests.backend_test.TestAdminGating" name="test_plain_user_403_on_admin" time="0.549" /><testcase classname="tests.backend_test.TestAdminGating" name="test_admin_analytics_shape" time="0.367" /></testsuite></testsuites>