<?xml version="1.0" encoding="utf-8"?><testsuites name="pytest tests"><testsuite name="pytest" errors="0" failures="2" skipped="0" tests="15" time="9.107" timestamp="2026-06-28T05:31:43.713609+00:00" hostname="agent-env-66280613-2564-48a0-987d-b0d9858bde05"><testcase classname="tests.backend_test.TestPromptletsCatalog" name="test_anonymous_list_returns_27_locked_pro" time="0.341"><failure message="AssertionError: expected 27 promptlets, got 26&#10;assert 26 == 27&#10; +  where 26 = len([{'promptlet_id': 'plet_cinematic-founder-portrait', 'slug': 'cinematic-founder-portrait', 'name': 'Cinematic founder portrait', 'category': 'Photo', ...}, {'promptlet_id': 'plet_product-hero-shot', 'slug': 'product-hero-shot', 'name': 'Product hero shot', 'category': 'Photo', ...}, {'promptlet_id': 'plet_anime-character-portrait', 'slug': 'anime-character-portrait', 'name': 'Anime character portrait', 'category': 'Photo', ...}, {'promptlet_id': 'plet_landing-hero-copy', 'slug': 'landing-hero-copy', 'name': 'Landing hero copy', 'category': 'Website', ...}, {'promptlet_id': 'plet_pricing-page-skeleton', 'slug': 'pricing-page-skeleton', 'name': 'Pricing page skeleton', 'category': 'Website', ...}, {'promptlet_id': 'plet_about-page-story', 'slug': 'about-page-story', 'name': 'About page story', 'category': 'Website', ...}, ...])">E   AssertionError: expected 27 promptlets, got 26
    assert 26 == 27
     +  where 26 = len([{'promptlet_id': 'plet_cinematic-founder-portrait', 'slug': 'cinematic-founder-portrait', 'name': 'Cinematic founder portrait', 'category': 'Photo', ...}, {'promptlet_id': 'plet_product-hero-shot', 'slug': 'product-hero-shot', 'name': 'Product hero shot', 'category': 'Photo', ...}, {'promptlet_id': 'plet_anime-character-portrait', 'slug': 'anime-character-portrait', 'name': 'Anime character portrait', 'category': 'Photo', ...}, {'promptlet_id': 'plet_landing-hero-copy', 'slug': 'landing-hero-copy', 'name': 'Landing hero copy', 'category': 'Website', ...}, {'promptlet_id': 'plet_pricing-page-skeleton', 'slug': 'pricing-page-skeleton', 'name': 'Pricing page skeleton', 'category': 'Website', ...}, {'promptlet_id': 'plet_about-page-story', 'slug': 'about-page-story', 'name': 'About page story', 'category': 'Website', ...}, ...])</failure></testcase><testcase classname="tests.backend_test.TestFreeUserGating" name="test_list_marks_locked_correctly" time="0.387" /><testcase classname="tests.backend_test.TestPromptletsCatalog" name="test_filter_category_coding" time="0.094" /><testcase classname="tests.backend_test.TestFreeUserGating" name="test_use_pro_returns_403" time="0.129" /><testcase classname="tests.backend_test.TestPromptletsCatalog" name="test_filter_plan_free_and_pro" time="0.194"><failure message="AssertionError: assert 23 == 24&#10; +  where 23 = len([{'promptlet_id': 'plet_landing-hero-copy', 'slug': 'landing-hero-copy', 'name': 'Landing hero copy', 'category': 'Website', ...}, {'promptlet_id': 'plet_pricing-page-skeleton', 'slug': 'pricing-page-skeleton', 'name': 'Pricing page skeleton', 'category': 'Website', ...}, {'promptlet_id': 'plet_about-page-story', 'slug': 'about-page-story', 'name': 'About page story', 'category': 'Website', ...}, {'promptlet_id': 'plet_react-refactor', 'slug': 'react-refactor', 'name': 'React component refactor', 'category': 'Coding', ...}, {'promptlet_id': 'plet_sql-optimizer', 'slug': 'sql-optimizer', 'name': 'SQL optimizer', 'category': 'Coding', ...}, {'promptlet_id': 'plet_bug-hunter', 'slug': 'bug-hunter', 'name': 'Bug hunter', 'category': 'Coding', ...}, ...])">E   AssertionError: assert 23 == 24
     +  where 23 = len([{'promptlet_id': 'plet_landing-hero-copy', 'slug': 'landing-hero-copy', 'name': 'Landing hero copy', 'category': 'Website', ...}, {'promptlet_id': 'plet_pricing-page-skeleton', 'slug': 'pricing-page-skeleton', 'name': 'Pricing page skeleton', 'category': 'Website', ...}, {'promptlet_id': 'plet_about-page-story', 'slug': 'about-page-story', 'name': 'About page story', 'category': 'Website', ...}, {'promptlet_id': 'plet_react-refactor', 'slug': 'react-refactor', 'name': 'React component refactor', 'category': 'Coding', ...}, {'promptlet_id': 'plet_sql-optimizer', 'slug': 'sql-optimizer', 'name': 'SQL optimizer', 'category': 'Coding', ...}, {'promptlet_id': 'plet_bug-hunter', 'slug': 'bug-hunter', 'name': 'Bug hunter', 'category': 'Coding', ...}, ...])</failure></testcase><testcase classname="tests.backend_test.TestFreeUserGating" name="test_use_free_increments_usage" time="0.228" /><testcase classname="tests.backend_test.TestPromptletsCatalog" name="test_search_portrait" time="0.134" /><testcase classname="tests.backend_test.TestFreeUserGating" name="test_usage_cap_at_100_returns_402" time="6.747" /><testcase classname="tests.backend_test.TestFavoritesAndHistory" name="test_favorite_toggle" time="0.734" /><testcase classname="tests.backend_test.TestFavoritesAndHistory" name="test_history_newest_first" time="0.293" /><testcase classname="tests.backend_test.TestFavoritesAndHistory" name="test_usage_shape" time="0.047" /><testcase classname="tests.backend_test.TestSubscriptionUpgrade" name="test_upgrade_unlocks_pro" time="0.580" /><testcase classname="tests.backend_test.TestPasswordReset" name="test_forgot_then_reset" time="1.445" /><testcase classname="tests.backend_test.TestEmailVerification" name="test_register_logs_token_and_verify" time="0.565" /><testcase classname="tests.backend_test.TestEmailVerification" name="test_resend_verification_invalidates_old" time="0.567" /></testsuite></testsuites>